[debug] [2022-07-30T14:39:49.966Z] ----------------------------------------------------------------------
[debug] [2022-07-30T14:39:49.969Z] Command:       C:\Program Files\nodejs\node.exe C:\Users\OM Hardaha\AppData\Roaming\npm\node_modules\firebase-tools\lib\bin\firebase.js init
[debug] [2022-07-30T14:39:49.970Z] CLI Version:   11.4.0
[debug] [2022-07-30T14:39:49.970Z] Platform:      win32
[debug] [2022-07-30T14:39:49.970Z] Node Version:  v16.16.0
[debug] [2022-07-30T14:39:49.971Z] Time:          Sat Jul 30 2022 20:09:49 GMT+0530 (India Standard Time)
[debug] [2022-07-30T14:39:49.972Z] ----------------------------------------------------------------------
[debug] 
[debug] [2022-07-30T14:39:49.983Z] > command requires scopes: ["email","openid","https://www.googleapis.com/auth/cloudplatformprojects.readonly","https://www.googleapis.com/auth/firebase","https://www.googleapis.com/auth/cloud-platform"]
[debug] [2022-07-30T14:39:49.983Z] > authorizing via signed-in user (omprakashhardaha369@gmail.com)
[info] 
     ######## #### ########  ######## ########     ###     ######  ########
     ##        ##  ##     ## ##       ##     ##  ##   ##  ##       ##
     ######    ##  ########  ######   ########  #########  ######  ######
     ##        ##  ##    ##  ##       ##     ## ##     ##       ## ##
     ##       #### ##     ## ######## ########  ##     ##  ######  ########

You're about to initialize a Firebase project in this directory:

  C:\Users\OM Hardaha\Desktop\School\server\build

[info] 
=== Project Setup
[info] 
[info] First, let's associate this project directory with a Firebase project.
[info] You can create multiple project aliases by running firebase use --add, 
[info] but for now we'll just set up a default project.
[info] 
[debug] [2022-07-30T14:40:18.384Z] >>> [apiv2][query] GET https://firebase.googleapis.com/v1beta1/projects pageSize=100
[debug] [2022-07-30T14:40:20.079Z] <<< [apiv2][status] GET https://firebase.googleapis.com/v1beta1/projects 200
[debug] [2022-07-30T14:40:20.079Z] <<< [apiv2][body] GET https://firebase.googleapis.com/v1beta1/projects [omitted]
[debug] [2022-07-30T14:40:58.275Z] ----------------------------------------------------------------------
[debug] [2022-07-30T14:40:58.277Z] Command:       C:\Program Files\nodejs\node.exe C:\Users\OM Hardaha\AppData\Roaming\npm\node_modules\firebase-tools\lib\bin\firebase.js init
[debug] [2022-07-30T14:40:58.278Z] CLI Version:   11.4.0
[debug] [2022-07-30T14:40:58.278Z] Platform:      win32
[debug] [2022-07-30T14:40:58.278Z] Node Version:  v16.16.0
[debug] [2022-07-30T14:40:58.279Z] Time:          Sat Jul 30 2022 20:10:58 GMT+0530 (India Standard Time)
[debug] [2022-07-30T14:40:58.279Z] ----------------------------------------------------------------------
[debug] 
[debug] [2022-07-30T14:40:58.288Z] > command requires scopes: ["email","openid","https://www.googleapis.com/auth/cloudplatformprojects.readonly","https://www.googleapis.com/auth/firebase","https://www.googleapis.com/auth/cloud-platform"]
[debug] [2022-07-30T14:40:58.289Z] > authorizing via signed-in user (omprakashhardaha369@gmail.com)
[info] 
     ######## #### ########  ######## ########     ###     ######  ########
     ##        ##  ##     ## ##       ##     ##  ##   ##  ##       ##
     ######    ##  ########  ######   ########  #########  ######  ######
     ##        ##  ##    ##  ##       ##     ## ##     ##       ## ##
     ##       #### ##     ## ######## ########  ##     ##  ######  ########

You're about to initialize a Firebase project in this directory:

  C:\Users\OM Hardaha\Desktop\School\server\build

[info] 
=== Project Setup
[info] 
[info] First, let's associate this project directory with a Firebase project.
[info] You can create multiple project aliases by running firebase use --add, 
[info] but for now we'll just set up a default project.
[info] 
[info] i  If you want to create a project in a Google Cloud organization or folder, please use "firebase projects:create" instead, and return to this command when you've created the project. 
[debug] [2022-07-30T14:41:21.875Z] >>> [apiv2][query] POST https://cloudresourcemanager.googleapis.com/v1/projects [none]
[debug] [2022-07-30T14:41:21.875Z] >>> [apiv2][body] POST https://cloudresourcemanager.googleapis.com/v1/projects {"projectId":"omhard","name":"schoolweb"}
[debug] [2022-07-30T14:41:24.533Z] <<< [apiv2][status] POST https://cloudresourcemanager.googleapis.com/v1/projects 200
[debug] [2022-07-30T14:41:24.533Z] <<< [apiv2][body] POST https://cloudresourcemanager.googleapis.com/v1/projects {"name":"operations/cp.6973005899338042241"}
[debug] [2022-07-30T14:41:24.535Z] >>> [apiv2][query] GET https://cloudresourcemanager.googleapis.com/v1/operations/cp.6973005899338042241 [none]
[debug] [2022-07-30T14:41:26.581Z] <<< [apiv2][status] GET https://cloudresourcemanager.googleapis.com/v1/operations/cp.6973005899338042241 200
[debug] [2022-07-30T14:41:26.581Z] <<< [apiv2][body] GET https://cloudresourcemanager.googleapis.com/v1/operations/cp.6973005899338042241 {"name":"operations/cp.6973005899338042241"}
[debug] [2022-07-30T14:41:27.090Z] [Project Creation Poller] Retrying task index 0
[debug] [2022-07-30T14:41:27.091Z] >>> [apiv2][query] GET https://cloudresourcemanager.googleapis.com/v1/operations/cp.6973005899338042241 [none]
[debug] [2022-07-30T14:41:29.140Z] <<< [apiv2][status] GET https://cloudresourcemanager.googleapis.com/v1/operations/cp.6973005899338042241 200
[debug] [2022-07-30T14:41:29.140Z] <<< [apiv2][body] GET https://cloudresourcemanager.googleapis.com/v1/operations/cp.6973005899338042241 {"name":"operations/cp.6973005899338042241","metadata":{"@type":"type.googleapis.com/google.cloudresourcemanager.v1.ProjectCreationStatus","gettable":true,"ready":true},"done":true,"response":{"@type":"type.googleapis.com/google.cloudresourcemanager.v1.Project","projectNumber":"495932304166","projectId":"omhard","lifecycleState":"ACTIVE","name":"schoolweb","createTime":"2022-07-30T14:41:25.198Z"}}
[debug] [2022-07-30T14:41:29.142Z] >>> [apiv2][query] POST https://firebase.googleapis.com/v1beta1/projects/omhard:addFirebase [none]
[debug] [2022-07-30T14:41:32.999Z] <<< [apiv2][status] POST https://firebase.googleapis.com/v1beta1/projects/omhard:addFirebase 200
[debug] [2022-07-30T14:41:32.999Z] <<< [apiv2][body] POST https://firebase.googleapis.com/v1beta1/projects/omhard:addFirebase {"name":"operations/workflows/MDUzNDg3M2YtOWJlYy00MjRkLTljZWUtZmQwOGNkMzUwY2Qx"}
[debug] [2022-07-30T14:41:32.999Z] >>> [apiv2][query] GET https://firebase.googleapis.com/v1beta1/operations/workflows/MDUzNDg3M2YtOWJlYy00MjRkLTljZWUtZmQwOGNkMzUwY2Qx [none]
[debug] [2022-07-30T14:41:34.580Z] <<< [apiv2][status] GET https://firebase.googleapis.com/v1beta1/operations/workflows/MDUzNDg3M2YtOWJlYy00MjRkLTljZWUtZmQwOGNkMzUwY2Qx 200
[debug] [2022-07-30T14:41:34.581Z] <<< [apiv2][body] GET https://firebase.googleapis.com/v1beta1/operations/workflows/MDUzNDg3M2YtOWJlYy00MjRkLTljZWUtZmQwOGNkMzUwY2Qx {"name":"operations/workflows/MDUzNDg3M2YtOWJlYy00MjRkLTljZWUtZmQwOGNkMzUwY2Qx"}
[debug] [2022-07-30T14:41:35.095Z] [Add Firebase Poller] Retrying task index 0
[debug] [2022-07-30T14:41:35.096Z] >>> [apiv2][query] GET https://firebase.googleapis.com/v1beta1/operations/workflows/MDUzNDg3M2YtOWJlYy00MjRkLTljZWUtZmQwOGNkMzUwY2Qx [none]
[debug] [2022-07-30T14:41:36.209Z] <<< [apiv2][status] GET https://firebase.googleapis.com/v1beta1/operations/workflows/MDUzNDg3M2YtOWJlYy00MjRkLTljZWUtZmQwOGNkMzUwY2Qx 200
[debug] [2022-07-30T14:41:36.209Z] <<< [apiv2][body] GET https://firebase.googleapis.com/v1beta1/operations/workflows/MDUzNDg3M2YtOWJlYy00MjRkLTljZWUtZmQwOGNkMzUwY2Qx {"name":"operations/workflows/MDUzNDg3M2YtOWJlYy00MjRkLTljZWUtZmQwOGNkMzUwY2Qx"}
[debug] [2022-07-30T14:41:37.212Z] [Add Firebase Poller] Retrying task index 0
[debug] [2022-07-30T14:41:37.213Z] >>> [apiv2][query] GET https://firebase.googleapis.com/v1beta1/operations/workflows/MDUzNDg3M2YtOWJlYy00MjRkLTljZWUtZmQwOGNkMzUwY2Qx [none]
[debug] [2022-07-30T14:41:38.748Z] <<< [apiv2][status] GET https://firebase.googleapis.com/v1beta1/operations/workflows/MDUzNDg3M2YtOWJlYy00MjRkLTljZWUtZmQwOGNkMzUwY2Qx 200
[debug] [2022-07-30T14:41:38.749Z] <<< [apiv2][body] GET https://firebase.googleapis.com/v1beta1/operations/workflows/MDUzNDg3M2YtOWJlYy00MjRkLTljZWUtZmQwOGNkMzUwY2Qx {"name":"operations/workflows/MDUzNDg3M2YtOWJlYy00MjRkLTljZWUtZmQwOGNkMzUwY2Qx"}
[debug] [2022-07-30T14:41:40.759Z] [Add Firebase Poller] Retrying task index 0
[debug] [2022-07-30T14:41:40.760Z] >>> [apiv2][query] GET https://firebase.googleapis.com/v1beta1/operations/workflows/MDUzNDg3M2YtOWJlYy00MjRkLTljZWUtZmQwOGNkMzUwY2Qx [none]
[debug] [2022-07-30T14:41:42.081Z] <<< [apiv2][status] GET https://firebase.googleapis.com/v1beta1/operations/workflows/MDUzNDg3M2YtOWJlYy00MjRkLTljZWUtZmQwOGNkMzUwY2Qx 200
[debug] [2022-07-30T14:41:42.081Z] <<< [apiv2][body] GET https://firebase.googleapis.com/v1beta1/operations/workflows/MDUzNDg3M2YtOWJlYy00MjRkLTljZWUtZmQwOGNkMzUwY2Qx {"name":"operations/workflows/MDUzNDg3M2YtOWJlYy00MjRkLTljZWUtZmQwOGNkMzUwY2Qx","done":true,"response":{"@type":"type.googleapis.com/google.firebase.service.v1beta1.FirebaseProject","projectId":"omhard","projectNumber":"495932304166","displayName":"schoolweb","name":"projects/omhard","resources":{"hostingSite":"omhard"}}}
[info] 
[info] === Your Firebase project is ready! ===
[info] 
[info] Project information:
[info]    - Project ID: omhard
[info]    - Project Name: schoolweb
[info] 
[info] Firebase console is available at
[info] https://console.firebase.google.com/project/omhard/overview
[info] i  Using project omhard (schoolweb) 
[info] 
=== Hosting Setup
[info] 
[info] Your public directory is the folder (relative to your project directory) that
[info] will contain Hosting assets to be uploaded with firebase deploy. If you
[info] have a build process for your assets, use your build's output directory.
[info] 
[debug] [2022-07-30T14:45:16.702Z] >>> [apiv2][query] GET https://www.gstatic.com/firebasejs/releases.json [none]
[debug] [2022-07-30T14:45:17.291Z] <<< [apiv2][status] GET https://www.gstatic.com/firebasejs/releases.json 200
[debug] [2022-07-30T14:45:17.292Z] <<< [apiv2][body] GET https://www.gstatic.com/firebasejs/releases.json {"current":{"version":"9.9.1","browserURL":"https://www.gstatic.com/firebasejs/9.9.1/firebase.js","packageURL":"https://www.gstatic.com/firebasejs/9.9.1/firebase.tgz"},"live":{"version":"9.9","browserURL":"https://www.gstatic.com/firebasejs/live/9.9/firebase.js","packageURL":"https://www.gstatic.com/firebasejs/live/9.9/firebase.tgz"},"components":{"analytics":"https://www.gstatic.com/firebasejs/9.9.1/firebase-analytics.js","app":"https://www.gstatic.com/firebasejs/9.9.1/firebase-app.js","app-check":"https://www.gstatic.com/firebasejs/9.9.1/firebase-app-check.js","auth":"https://www.gstatic.com/firebasejs/9.9.1/firebase-auth.js","auth/cordova":"https://www.gstatic.com/firebasejs/9.9.1/firebase-auth/cordova.js","auth/react-native":"https://www.gstatic.com/firebasejs/9.9.1/firebase-auth/react-native.js","functions":"https://www.gstatic.com/firebasejs/9.9.1/firebase-functions.js","firestore":"https://www.gstatic.com/firebasejs/9.9.1/firebase-firestore.js","firestore/lite":"https://www.gstatic.com/firebasejs/9.9.1/firebase-firestore/lite.js","installations":"https://www.gstatic.com/firebasejs/9.9.1/firebase-installations.js","storage":"https://www.gstatic.com/firebasejs/9.9.1/firebase-storage.js","performance":"https://www.gstatic.com/firebasejs/9.9.1/firebase-performance.js","remote-config":"https://www.gstatic.com/firebasejs/9.9.1/firebase-remote-config.js","messaging":"https://www.gstatic.com/firebasejs/9.9.1/firebase-messaging.js","messaging/sw":"https://www.gstatic.com/firebasejs/9.9.1/firebase-messaging/sw.js","database":"https://www.gstatic.com/firebasejs/9.9.1/firebase-database.js","firestore.memory":"https://www.gstatic.com/firebasejs/9.9.1/firebase-firestore.memory.js"}}
[info] +  Wrote yes/index.html 
[info] 
[info] i  Detected a .git folder at C:\Users\OM Hardaha\Desktop\School\server 
[info] i  Authorizing with GitHub to upload your service account to a GitHub repository's secrets store. 
[info] 
[info] Visit this URL on this device to log in:
[info] https://github.com/login/oauth/authorize?client_id=89cf50f02ac6aaed3484&state=746399755&redirect_uri=http%3A%2F%2Flocalhost%3A9005&scope=read%3Auser%20repo%20public_repo
[info] 
[info] Waiting for authentication...
[debug] [2022-07-30T14:45:26.934Z] >>> [apiv2][query] POST https://github.com/login/oauth/access_token [none]
[debug] [2022-07-30T14:45:26.934Z] >>> [apiv2][body] POST https://github.com/login/oauth/access_token [stream]
[debug] [2022-07-30T14:45:27.984Z] <<< [apiv2][status] POST https://github.com/login/oauth/access_token 200
[debug] [2022-07-30T14:45:27.984Z] <<< [apiv2][body] POST https://github.com/login/oauth/access_token {"access_token":"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","token_type":"bearer","scope":"read:user,repo"}
[debug] [2022-07-30T14:45:27.989Z] >>> [apiv2][query] GET https://api.github.com/user [none]
[debug] [2022-07-30T14:45:28.684Z] <<< [apiv2][status] GET https://api.github.com/user 200
[debug] [2022-07-30T14:45:28.684Z] <<< [apiv2][body] GET https://api.github.com/user {"login":"omhardaha","id":88886428,"node_id":"MDQ6VXNlcjg4ODg2NDI4","avatar_url":"https://avatars.githubusercontent.com/u/88886428?v=4","gravatar_id":"","url":"https://api.github.com/users/omhardaha","html_url":"https://github.com/omhardaha","followers_url":"https://api.github.com/users/omhardaha/followers","following_url":"https://api.github.com/users/omhardaha/following{/other_user}","gists_url":"https://api.github.com/users/omhardaha/gists{/gist_id}","starred_url":"https://api.github.com/users/omhardaha/starred{/owner}{/repo}","subscriptions_url":"https://api.github.com/users/omhardaha/subscriptions","organizations_url":"https://api.github.com/users/omhardaha/orgs","repos_url":"https://api.github.com/users/omhardaha/repos","events_url":"https://api.github.com/users/omhardaha/events{/privacy}","received_events_url":"https://api.github.com/users/omhardaha/received_events","type":"User","site_admin":false,"name":null,"company":null,"blog":"","location":null,"email":null,"hireable":null,"bio":null,"twitter_username":null,"public_repos":8,"public_gists":0,"followers":1,"following":1,"created_at":"2021-08-13T11:18:30Z","updated_at":"2022-07-23T12:50:47Z","private_gists":0,"total_private_repos":5,"owned_private_repos":5,"disk_usage":20625,"collaborators":0,"two_factor_authentication":false,"plan":{"name":"pro","space":976562499,"collaborators":0,"private_repos":9999}}
[info] 
[info] +  Success! Logged into GitHub as omhardaha 
[info] 
[debug] [2022-07-30T14:45:40.038Z] >>> [apiv2][query] GET https://api.github.com/repos/no/actions/secrets/public-key type=owner
[debug] [2022-07-30T14:45:40.578Z] <<< [apiv2][status] GET https://api.github.com/repos/no/actions/secrets/public-key 404
[debug] [2022-07-30T14:45:40.579Z] <<< [apiv2][body] GET https://api.github.com/repos/no/actions/secrets/public-key {"message":"Not Found","documentation_url":"https://docs.github.com/rest"}
[debug] [2022-07-30T14:45:46.948Z] >>> [apiv2][query] GET https://api.github.com/repos/user/actions/secrets/public-key type=owner
[debug] [2022-07-30T14:45:47.765Z] <<< [apiv2][status] GET https://api.github.com/repos/user/actions/secrets/public-key 404
[debug] [2022-07-30T14:45:47.765Z] <<< [apiv2][body] GET https://api.github.com/repos/user/actions/secrets/public-key {"message":"Not Found","documentation_url":"https://docs.github.com/rest"}
[debug] [2022-07-30T14:45:48.062Z] >>> [apiv2][query] GET https://api.github.com/repos/user/actions/secrets/public-key type=owner
[debug] [2022-07-30T14:45:48.602Z] <<< [apiv2][status] GET https://api.github.com/repos/user/actions/secrets/public-key 404
[debug] [2022-07-30T14:45:48.602Z] <<< [apiv2][body] GET https://api.github.com/repos/user/actions/secrets/public-key {"message":"Not Found","documentation_url":"https://docs.github.com/rest"}
[debug] [2022-07-30T14:45:49.690Z] >>> [apiv2][query] GET https://api.github.com/repos/user/actions/secrets/public-key type=owner
[debug] [2022-07-30T14:45:50.645Z] <<< [apiv2][status] GET https://api.github.com/repos/user/actions/secrets/public-key 404
[debug] [2022-07-30T14:45:50.645Z] <<< [apiv2][body] GET https://api.github.com/repos/user/actions/secrets/public-key {"message":"Not Found","documentation_url":"https://docs.github.com/rest"}
[debug] [2022-07-30T14:45:52.571Z] >>> [apiv2][query] GET https://api.github.com/repos/user/actions/secrets/public-key type=owner
[debug] [2022-07-30T14:45:52.843Z] >>> [apiv2][query] GET https://api.github.com/repos//actions/secrets/public-key type=owner
[debug] [2022-07-30T14:45:53.162Z] <<< [apiv2][status] GET https://api.github.com/repos/user/actions/secrets/public-key 404
[debug] [2022-07-30T14:45:53.162Z] <<< [apiv2][body] GET https://api.github.com/repos/user/actions/secrets/public-key {"message":"Not Found","documentation_url":"https://docs.github.com/rest"}
[debug] [2022-07-30T14:45:53.481Z] >>> [apiv2][query] GET https://api.github.com/repos/user/actions/secrets/public-key type=owner
[debug] [2022-07-30T14:45:53.503Z] <<< [apiv2][status] GET https://api.github.com/repos//actions/secrets/public-key 404
[debug] [2022-07-30T14:45:53.504Z] <<< [apiv2][body] GET https://api.github.com/repos//actions/secrets/public-key {"message":"Not Found","documentation_url":"https://docs.github.com/rest"}
[debug] [2022-07-30T14:45:53.664Z] >>> [apiv2][query] GET https://api.github.com/repos//actions/secrets/public-key type=owner
[debug] [2022-07-30T14:45:54.048Z] <<< [apiv2][status] GET https://api.github.com/repos/user/actions/secrets/public-key 404
[debug] [2022-07-30T14:45:54.048Z] <<< [apiv2][body] GET https://api.github.com/repos/user/actions/secrets/public-key {"message":"Not Found","documentation_url":"https://docs.github.com/rest"}
[debug] [2022-07-30T14:45:54.207Z] <<< [apiv2][status] GET https://api.github.com/repos//actions/secrets/public-key 404
[debug] [2022-07-30T14:45:54.207Z] <<< [apiv2][body] GET https://api.github.com/repos//actions/secrets/public-key {"message":"Not Found","documentation_url":"https://docs.github.com/rest"}
[debug] [2022-07-30T14:45:54.209Z] >>> [apiv2][query] GET https://api.github.com/repos/user/actions/secrets/public-key type=owner
[debug] [2022-07-30T14:45:54.806Z] <<< [apiv2][status] GET https://api.github.com/repos/user/actions/secrets/public-key 404
[debug] [2022-07-30T14:45:54.806Z] <<< [apiv2][body] GET https://api.github.com/repos/user/actions/secrets/public-key {"message":"Not Found","documentation_url":"https://docs.github.com/rest"}
[debug] [2022-07-30T14:46:14.401Z] >>> [apiv2][query] GET https://api.github.com/repos/user/actions/secrets/public-key type=owner
[debug] [2022-07-30T14:46:14.940Z] <<< [apiv2][status] GET https://api.github.com/repos/user/actions/secrets/public-key 404
[debug] [2022-07-30T14:46:14.940Z] <<< [apiv2][body] GET https://api.github.com/repos/user/actions/secrets/public-key {"message":"Not Found","documentation_url":"https://docs.github.com/rest"}
[debug] [2022-07-30T14:46:15.223Z] >>> [apiv2][query] GET https://api.github.com/repos/user/actions/secrets/public-key type=owner
[debug] [2022-07-30T14:46:15.662Z] >>> [apiv2][query] GET https://api.github.com/repos//actions/secrets/public-key type=owner
[debug] [2022-07-30T14:46:15.766Z] >>> [apiv2][query] GET https://api.github.com/repos//actions/secrets/public-key type=owner
[debug] [2022-07-30T14:46:15.962Z] <<< [apiv2][status] GET https://api.github.com/repos/user/actions/secrets/public-key 404
[debug] [2022-07-30T14:46:15.963Z] <<< [apiv2][body] GET https://api.github.com/repos/user/actions/secrets/public-key {"message":"Not Found","documentation_url":"https://docs.github.com/rest"}
[debug] [2022-07-30T14:46:16.175Z] <<< [apiv2][status] GET https://api.github.com/repos//actions/secrets/public-key 404
[debug] [2022-07-30T14:46:16.175Z] <<< [apiv2][body] GET https://api.github.com/repos//actions/secrets/public-key {"message":"Not Found","documentation_url":"https://docs.github.com/rest"}
[debug] [2022-07-30T14:46:16.248Z] <<< [apiv2][status] GET https://api.github.com/repos//actions/secrets/public-key 404
[debug] [2022-07-30T14:46:16.248Z] <<< [apiv2][body] GET https://api.github.com/repos//actions/secrets/public-key {"message":"Not Found","documentation_url":"https://docs.github.com/rest"}
[debug] [2022-07-30T14:46:18.947Z] >>> [apiv2][query] GET https://api.github.com/repos/user/actions/secrets/public-key type=owner
[debug] [2022-07-30T14:46:19.882Z] <<< [apiv2][status] GET https://api.github.com/repos/user/actions/secrets/public-key 404
[debug] [2022-07-30T14:46:19.882Z] <<< [apiv2][body] GET https://api.github.com/repos/user/actions/secrets/public-key {"message":"Not Found","documentation_url":"https://docs.github.com/rest"}
[debug] [2022-07-30T14:46:23.062Z] >>> [apiv2][query] GET https://api.github.com/repos/yes/actions/secrets/public-key type=owner
[debug] [2022-07-30T14:46:23.881Z] <<< [apiv2][status] GET https://api.github.com/repos/yes/actions/secrets/public-key 404
[debug] [2022-07-30T14:46:23.881Z] <<< [apiv2][body] GET https://api.github.com/repos/yes/actions/secrets/public-key {"message":"Not Found","documentation_url":"https://docs.github.com/rest"}
[debug] [2022-07-30T14:46:23.999Z] >>> [apiv2][query] GET https://api.github.com/repos/yes/actions/secrets/public-key type=owner
[debug] [2022-07-30T14:46:24.487Z] <<< [apiv2][status] GET https://api.github.com/repos/yes/actions/secrets/public-key 404
[debug] [2022-07-30T14:46:24.487Z] <<< [apiv2][body] GET https://api.github.com/repos/yes/actions/secrets/public-key {"message":"Not Found","documentation_url":"https://docs.github.com/rest"}
[debug] [2022-07-30T14:47:07.485Z] >>> [apiv2][query] GET https://api.github.com/repos/https://github.com/omhardaha/inventorymanagementsystem/actions/secrets/public-key type=owner
[debug] [2022-07-30T14:47:08.060Z] <<< [apiv2][status] GET https://api.github.com/repos/https://github.com/omhardaha/inventorymanagementsystem/actions/secrets/public-key 404
[debug] [2022-07-30T14:47:08.060Z] <<< [apiv2][body] GET https://api.github.com/repos/https://github.com/omhardaha/inventorymanagementsystem/actions/secrets/public-key {"message":"Not Found","documentation_url":"https://docs.github.com/rest"}
[debug] [2022-07-30T14:47:08.306Z] >>> [apiv2][query] GET https://api.github.com/repos/https://github.com/omhardaha/inventorymanagementsystem/actions/secrets/public-key type=owner
[debug] [2022-07-30T14:47:08.849Z] <<< [apiv2][status] GET https://api.github.com/repos/https://github.com/omhardaha/inventorymanagementsystem/actions/secrets/public-key 404
[debug] [2022-07-30T14:47:08.849Z] <<< [apiv2][body] GET https://api.github.com/repos/https://github.com/omhardaha/inventorymanagementsystem/actions/secrets/public-key {"message":"Not Found","documentation_url":"https://docs.github.com/rest"}
[debug] [2022-07-30T14:47:22.779Z] Error: kill ENOSYS
    at process.kill (node:internal/process/per_thread:220:13)
    at process.listener (C:\Users\OM Hardaha\AppData\Roaming\npm\node_modules\firebase-tools\node_modules\signal-exit\index.js:95:15)
    at process.emit (node:events:527:28)
[error] 
[error] Error: An unexpected error has occurred.
